<?xml version="1.0" encoding="UTF-8"?>
<testng-results skipped="0" failed="0" ignored="0" total="4" passed="4">
  <reporter-output>
  </reporter-output>
  <suite name="HelperClassTest" duration-ms="1844" started-at="2018-10-10T20:17:38Z" finished-at="2018-10-10T20:17:39Z">
    <groups>
    </groups>
    <test name="Command line test" duration-ms="1844" started-at="2018-10-10T20:17:38Z" finished-at="2018-10-10T20:17:39Z">
      <class name="HelperClassTest">
        <test-method status="PASS" signature="should_check_the_input_validations()[pri:0, instance:HelperClassTest@71c7db30]" name="should_check_the_input_validations" duration-ms="11" started-at="2018-10-10T20:17:38Z" finished-at="2018-10-10T20:17:38Z">
          <reporter-output>
          </reporter-output>
        </test-method> <!-- should_check_the_input_validations -->
        <test-method status="PASS" signature="should_not_return_duplicate_names()[pri:0, instance:HelperClassTest@71c7db30]" name="should_not_return_duplicate_names" duration-ms="41" started-at="2018-10-10T20:17:38Z" finished-at="2018-10-10T20:17:38Z">
          <reporter-output>
          </reporter-output>
        </test-method> <!-- should_not_return_duplicate_names -->
        <test-method status="PASS" signature="should_return_sorted_fifty_names()[pri:0, instance:HelperClassTest@71c7db30]" name="should_return_sorted_fifty_names" duration-ms="1759" started-at="2018-10-10T20:17:38Z" finished-at="2018-10-10T20:17:39Z">
          <reporter-output>
          </reporter-output>
        </test-method> <!-- should_return_sorted_fifty_names -->
        <test-method status="PASS" signature="should_sort_input_correctly()[pri:0, instance:HelperClassTest@71c7db30]" name="should_sort_input_correctly" duration-ms="4" started-at="2018-10-10T20:17:39Z" finished-at="2018-10-10T20:17:39Z">
          <reporter-output>
          </reporter-output>
        </test-method> <!-- should_sort_input_correctly -->
      </class> <!-- HelperClassTest -->
    </test> <!-- Command line test -->
  </suite> <!-- HelperClassTest -->
</testng-results>
