<?xml version="1.0" encoding="UTF-8"?>
<!-- Generated by org.testng.reporters.JUnitXMLReporter -->
<testsuite hostname="DESKTOP-7GLPA10" ignored="0" tests="4" failures="0" timestamp="10 Oct 2018 20:17:40 GMT" time="1.844" errors="0">
  <testcase name="should_check_the_input_validations" time="0.011" classname="HelperClassTest"/>
  <testcase name="should_not_return_duplicate_names" time="0.041" classname="HelperClassTest"/>
  <testcase name="should_return_sorted_fifty_names" time="1.759" classname="HelperClassTest"/>
  <testcase name="should_sort_input_correctly" time="0.004" classname="HelperClassTest"/>
</testsuite>
